<?xml version="1.0" encoding="UTF-8"?>
<testsuites>
  <testsuite name="" tests="73" assertions="110" errors="0" failures="0" skipped="0" time="1.028761">
    <testsuite name="Feature" tests="72" assertions="109" errors="0" failures="0" skipped="0" time="1.014973">
      <testsuite name="Tests\Feature\Http\Controller\CategoriaControllerTest" file="tests/Feature/CategoriaControllerTest.php" tests="8" assertions="12" errors="0" failures="0" skipped="0" time="0.168076">
        <testcase name="testGetCategoria" class="Tests\Feature\Http\Controller\CategoriaControllerTest" classname="Tests.Feature.Http.Controller.CategoriaControllerTest" file="tests/Feature/CategoriaControllerTest.php" line="9" assertions="1" time="0.070689"/>
        <testcase name="testPaginateCategoriaFilterEmpty" class="Tests\Feature\Http\Controller\CategoriaControllerTest" classname="Tests.Feature.Http.Controller.CategoriaControllerTest" file="tests/Feature/CategoriaControllerTest.php" line="15" assertions="1" time="0.011523"/>
        <testcase name="testPaginateCategoriaFilter" class="Tests\Feature\Http\Controller\CategoriaControllerTest" classname="Tests.Feature.Http.Controller.CategoriaControllerTest" file="tests/Feature/CategoriaControllerTest.php" line="30" assertions="1" time="0.010722"/>
        <testcase name="testShowCategoria" class="Tests\Feature\Http\Controller\CategoriaControllerTest" classname="Tests.Feature.Http.Controller.CategoriaControllerTest" file="tests/Feature/CategoriaControllerTest.php" line="51" assertions="1" time="0.010535"/>
        <testcase name="testPostCategoria" class="Tests\Feature\Http\Controller\CategoriaControllerTest" classname="Tests.Feature.Http.Controller.CategoriaControllerTest" file="tests/Feature/CategoriaControllerTest.php" line="57" assertions="2" time="0.018059"/>
        <testcase name="testPutCategoria" class="Tests\Feature\Http\Controller\CategoriaControllerTest" classname="Tests.Feature.Http.Controller.CategoriaControllerTest" file="tests/Feature/CategoriaControllerTest.php" line="73" assertions="2" time="0.016947"/>
        <testcase name="testDeleteCategoriaErrorCategoriaRelascionadaAPessoa" class="Tests\Feature\Http\Controller\CategoriaControllerTest" classname="Tests.Feature.Http.Controller.CategoriaControllerTest" file="tests/Feature/CategoriaControllerTest.php" line="89" assertions="2" time="0.013462"/>
        <testcase name="testDeleteCategoria" class="Tests\Feature\Http\Controller\CategoriaControllerTest" classname="Tests.Feature.Http.Controller.CategoriaControllerTest" file="tests/Feature/CategoriaControllerTest.php" line="100" assertions="2" time="0.016139"/>
      </testsuite>
      <testsuite name="Tests\Feature\Http\Controller\CidadeControllerTest" file="tests/Feature/CidadeControllerTest.php" tests="8" assertions="12" errors="0" failures="0" skipped="0" time="0.105388">
        <testcase name="testGetCidade" class="Tests\Feature\Http\Controller\CidadeControllerTest" classname="Tests.Feature.Http.Controller.CidadeControllerTest" file="tests/Feature/CidadeControllerTest.php" line="9" assertions="1" time="0.017032"/>
        <testcase name="testPaginateCidadeFilterEmpty" class="Tests\Feature\Http\Controller\CidadeControllerTest" classname="Tests.Feature.Http.Controller.CidadeControllerTest" file="tests/Feature/CidadeControllerTest.php" line="15" assertions="1" time="0.011866"/>
        <testcase name="testPaginateCidadeFilter" class="Tests\Feature\Http\Controller\CidadeControllerTest" classname="Tests.Feature.Http.Controller.CidadeControllerTest" file="tests/Feature/CidadeControllerTest.php" line="30" assertions="1" time="0.010897"/>
        <testcase name="testShowCidade" class="Tests\Feature\Http\Controller\CidadeControllerTest" classname="Tests.Feature.Http.Controller.CidadeControllerTest" file="tests/Feature/CidadeControllerTest.php" line="57" assertions="1" time="0.011119"/>
        <testcase name="testPostCidade" class="Tests\Feature\Http\Controller\CidadeControllerTest" classname="Tests.Feature.Http.Controller.CidadeControllerTest" file="tests/Feature/CidadeControllerTest.php" line="63" assertions="2" time="0.014174"/>
        <testcase name="testPutCidade" class="Tests\Feature\Http\Controller\CidadeControllerTest" classname="Tests.Feature.Http.Controller.CidadeControllerTest" file="tests/Feature/CidadeControllerTest.php" line="79" assertions="2" time="0.015130"/>
        <testcase name="testDeleteCidadeErrorRelascionadaAEndereco" class="Tests\Feature\Http\Controller\CidadeControllerTest" classname="Tests.Feature.Http.Controller.CidadeControllerTest" file="tests/Feature/CidadeControllerTest.php" line="95" assertions="2" time="0.010310"/>
        <testcase name="testDeleteCidade" class="Tests\Feature\Http\Controller\CidadeControllerTest" classname="Tests.Feature.Http.Controller.CidadeControllerTest" file="tests/Feature/CidadeControllerTest.php" line="106" assertions="2" time="0.014860"/>
      </testsuite>
      <testsuite name="Tests\Feature\Http\Controller\ContatoControllerTest" file="tests/Feature/ContatoControllerTest.php" tests="21" assertions="38" errors="0" failures="0" skipped="0" time="0.257641">
        <testcase name="testGetContato" class="Tests\Feature\Http\Controller\ContatoControllerTest" classname="Tests.Feature.Http.Controller.ContatoControllerTest" file="tests/Feature/ContatoControllerTest.php" line="9" assertions="1" time="0.012775"/>
        <testcase name="testPaginateContatoFilterEmpty" class="Tests\Feature\Http\Controller\ContatoControllerTest" classname="Tests.Feature.Http.Controller.ContatoControllerTest" file="tests/Feature/ContatoControllerTest.php" line="15" assertions="1" time="0.012652"/>
        <testcase name="testPaginateContatoFilter" class="Tests\Feature\Http\Controller\ContatoControllerTest" classname="Tests.Feature.Http.Controller.ContatoControllerTest" file="tests/Feature/ContatoControllerTest.php" line="30" assertions="1" time="0.011605"/>
        <testcase name="testShowContato" class="Tests\Feature\Http\Controller\ContatoControllerTest" classname="Tests.Feature.Http.Controller.ContatoControllerTest" file="tests/Feature/ContatoControllerTest.php" line="61" assertions="1" time="0.011860"/>
        <testcase name="testPostContatoErrorDDDObrigatorio" class="Tests\Feature\Http\Controller\ContatoControllerTest" classname="Tests.Feature.Http.Controller.ContatoControllerTest" file="tests/Feature/ContatoControllerTest.php" line="67" assertions="2" time="0.010190"/>
        <testcase name="testPostContatoErrorDDD3Digitos" class="Tests\Feature\Http\Controller\ContatoControllerTest" classname="Tests.Feature.Http.Controller.ContatoControllerTest" file="tests/Feature/ContatoControllerTest.php" line="84" assertions="2" time="0.009979"/>
        <testcase name="testPostContatoErrorNumeroTelefoneObrigatorio" class="Tests\Feature\Http\Controller\ContatoControllerTest" classname="Tests.Feature.Http.Controller.ContatoControllerTest" file="tests/Feature/ContatoControllerTest.php" line="102" assertions="2" time="0.009944"/>
        <testcase name="testPostContatoTipoTelefoneResidencial" class="Tests\Feature\Http\Controller\ContatoControllerTest" classname="Tests.Feature.Http.Controller.ContatoControllerTest" file="tests/Feature/ContatoControllerTest.php" line="120" assertions="2" time="0.018201"/>
        <testcase name="testPostContatoTipoTelefoneComercial" class="Tests\Feature\Http\Controller\ContatoControllerTest" classname="Tests.Feature.Http.Controller.ContatoControllerTest" file="tests/Feature/ContatoControllerTest.php" line="138" assertions="2" time="0.015271"/>
        <testcase name="testPostErrorContatoTipoTelefoneCelularNumeroInvalido" class="Tests\Feature\Http\Controller\ContatoControllerTest" classname="Tests.Feature.Http.Controller.ContatoControllerTest" file="tests/Feature/ContatoControllerTest.php" line="156" assertions="2" time="0.010022"/>
        <testcase name="testPostErrorContatoTipoTelefoneResidencialNumeroInvalido" class="Tests\Feature\Http\Controller\ContatoControllerTest" classname="Tests.Feature.Http.Controller.ContatoControllerTest" file="tests/Feature/ContatoControllerTest.php" line="175" assertions="2" time="0.010036"/>
        <testcase name="testPostErrorContatoTipoTelefoneResidencialEmailInvalidoParaTipoSelecionado" class="Tests\Feature\Http\Controller\ContatoControllerTest" classname="Tests.Feature.Http.Controller.ContatoControllerTest" file="tests/Feature/ContatoControllerTest.php" line="194" assertions="2" time="0.010096"/>
        <testcase name="testPostContatoTipoTelefoneCelular" class="Tests\Feature\Http\Controller\ContatoControllerTest" classname="Tests.Feature.Http.Controller.ContatoControllerTest" file="tests/Feature/ContatoControllerTest.php" line="214" assertions="2" time="0.014386"/>
        <testcase name="testPostErrorContatoTipoEmailObrigatorio" class="Tests\Feature\Http\Controller\ContatoControllerTest" classname="Tests.Feature.Http.Controller.ContatoControllerTest" file="tests/Feature/ContatoControllerTest.php" line="232" assertions="2" time="0.010016"/>
        <testcase name="testPostContatoTipoInvalid" class="Tests\Feature\Http\Controller\ContatoControllerTest" classname="Tests.Feature.Http.Controller.ContatoControllerTest" file="tests/Feature/ContatoControllerTest.php" line="251" assertions="2" time="0.009967"/>
        <testcase name="testPostContatoTipoEmailDDDInvalidoParaTipoSelecionado" class="Tests\Feature\Http\Controller\ContatoControllerTest" classname="Tests.Feature.Http.Controller.ContatoControllerTest" file="tests/Feature/ContatoControllerTest.php" line="269" assertions="2" time="0.009795"/>
        <testcase name="testPostContatoTipoEmailNumeroTelefoneInvalidoParaTipoSelecionado" class="Tests\Feature\Http\Controller\ContatoControllerTest" classname="Tests.Feature.Http.Controller.ContatoControllerTest" file="tests/Feature/ContatoControllerTest.php" line="288" assertions="2" time="0.010170"/>
        <testcase name="testPostContatoTipoEmail" class="Tests\Feature\Http\Controller\ContatoControllerTest" classname="Tests.Feature.Http.Controller.ContatoControllerTest" file="tests/Feature/ContatoControllerTest.php" line="307" assertions="2" time="0.015148"/>
        <testcase name="testPutContato" class="Tests\Feature\Http\Controller\ContatoControllerTest" classname="Tests.Feature.Http.Controller.ContatoControllerTest" file="tests/Feature/ContatoControllerTest.php" line="324" assertions="2" time="0.015629"/>
        <testcase name="testPutContatoEmailParaCelular" class="Tests\Feature\Http\Controller\ContatoControllerTest" classname="Tests.Feature.Http.Controller.ContatoControllerTest" file="tests/Feature/ContatoControllerTest.php" line="341" assertions="2" time="0.015409"/>
        <testcase name="testDeleteContato" class="Tests\Feature\Http\Controller\ContatoControllerTest" classname="Tests.Feature.Http.Controller.ContatoControllerTest" file="tests/Feature/ContatoControllerTest.php" line="359" assertions="2" time="0.014490"/>
      </testsuite>
      <testsuite name="Tests\Feature\Http\Controller\EnderecoControllerTest" file="tests/Feature/EnderecoControllerTest.php" tests="7" assertions="10" errors="0" failures="0" skipped="0" time="0.106802">
        <testcase name="testGetEndereco" class="Tests\Feature\Http\Controller\EnderecoControllerTest" classname="Tests.Feature.Http.Controller.EnderecoControllerTest" file="tests/Feature/EnderecoControllerTest.php" line="9" assertions="1" time="0.013382"/>
        <testcase name="testPaginateEnderecoFilterEmpty" class="Tests\Feature\Http\Controller\EnderecoControllerTest" classname="Tests.Feature.Http.Controller.EnderecoControllerTest" file="tests/Feature/EnderecoControllerTest.php" line="15" assertions="1" time="0.014933"/>
        <testcase name="testPaginateEnderecoFilter" class="Tests\Feature\Http\Controller\EnderecoControllerTest" classname="Tests.Feature.Http.Controller.EnderecoControllerTest" file="tests/Feature/EnderecoControllerTest.php" line="31" assertions="1" time="0.013515"/>
        <testcase name="testShowEndereco" class="Tests\Feature\Http\Controller\EnderecoControllerTest" classname="Tests.Feature.Http.Controller.EnderecoControllerTest" file="tests/Feature/EnderecoControllerTest.php" line="72" assertions="1" time="0.013543"/>
        <testcase name="testPostEndereco" class="Tests\Feature\Http\Controller\EnderecoControllerTest" classname="Tests.Feature.Http.Controller.EnderecoControllerTest" file="tests/Feature/EnderecoControllerTest.php" line="78" assertions="2" time="0.015107"/>
        <testcase name="testPutEndereco" class="Tests\Feature\Http\Controller\EnderecoControllerTest" classname="Tests.Feature.Http.Controller.EnderecoControllerTest" file="tests/Feature/EnderecoControllerTest.php" line="98" assertions="2" time="0.018133"/>
        <testcase name="testDeleteEndereco" class="Tests\Feature\Http\Controller\EnderecoControllerTest" classname="Tests.Feature.Http.Controller.EnderecoControllerTest" file="tests/Feature/EnderecoControllerTest.php" line="118" assertions="2" time="0.018189"/>
      </testsuite>
      <testsuite name="Tests\Feature\Http\Controller\EstadoCivilControllerTest" file="tests/Feature/EstadoCivilControllerTest.php" tests="4" assertions="4" errors="0" failures="0" skipped="0" time="0.045080">
        <testcase name="testGetEstadoCivil" class="Tests\Feature\Http\Controller\EstadoCivilControllerTest" classname="Tests.Feature.Http.Controller.EstadoCivilControllerTest" file="tests/Feature/EstadoCivilControllerTest.php" line="9" assertions="1" time="0.011308"/>
        <testcase name="testPaginateEstadoCivilFilterEmpty" class="Tests\Feature\Http\Controller\EstadoCivilControllerTest" classname="Tests.Feature.Http.Controller.EstadoCivilControllerTest" file="tests/Feature/EstadoCivilControllerTest.php" line="15" assertions="1" time="0.011671"/>
        <testcase name="testPaginateEstadoCivilFilter" class="Tests\Feature\Http\Controller\EstadoCivilControllerTest" classname="Tests.Feature.Http.Controller.EstadoCivilControllerTest" file="tests/Feature/EstadoCivilControllerTest.php" line="30" assertions="1" time="0.011135"/>
        <testcase name="testShowEstadoCivil" class="Tests\Feature\Http\Controller\EstadoCivilControllerTest" classname="Tests.Feature.Http.Controller.EstadoCivilControllerTest" file="tests/Feature/EstadoCivilControllerTest.php" line="50" assertions="1" time="0.010966"/>
      </testsuite>
      <testsuite name="Tests\Feature\Http\Controller\EstadoControllerTest" file="tests/Feature/EstadoControllerTest.php" tests="7" assertions="10" errors="0" failures="0" skipped="0" time="0.100092">
        <testcase name="testGetEstado" class="Tests\Feature\Http\Controller\EstadoControllerTest" classname="Tests.Feature.Http.Controller.EstadoControllerTest" file="tests/Feature/EstadoControllerTest.php" line="9" assertions="1" time="0.015272"/>
        <testcase name="testPaginateEstadoFilterEmpty" class="Tests\Feature\Http\Controller\EstadoControllerTest" classname="Tests.Feature.Http.Controller.EstadoControllerTest" file="tests/Feature/EstadoControllerTest.php" line="15" assertions="1" time="0.011590"/>
        <testcase name="testPaginateEstadoFilter" class="Tests\Feature\Http\Controller\EstadoControllerTest" classname="Tests.Feature.Http.Controller.EstadoControllerTest" file="tests/Feature/EstadoControllerTest.php" line="30" assertions="1" time="0.011199"/>
        <testcase name="testShowEstado" class="Tests\Feature\Http\Controller\EstadoControllerTest" classname="Tests.Feature.Http.Controller.EstadoControllerTest" file="tests/Feature/EstadoControllerTest.php" line="55" assertions="1" time="0.011240"/>
        <testcase name="testPostEstado" class="Tests\Feature\Http\Controller\EstadoControllerTest" classname="Tests.Feature.Http.Controller.EstadoControllerTest" file="tests/Feature/EstadoControllerTest.php" line="61" assertions="2" time="0.016541"/>
        <testcase name="testPutEstado" class="Tests\Feature\Http\Controller\EstadoControllerTest" classname="Tests.Feature.Http.Controller.EstadoControllerTest" file="tests/Feature/EstadoControllerTest.php" line="78" assertions="2" time="0.020086"/>
        <testcase name="testDeleteEstado" class="Tests\Feature\Http\Controller\EstadoControllerTest" classname="Tests.Feature.Http.Controller.EstadoControllerTest" file="tests/Feature/EstadoControllerTest.php" line="95" assertions="2" time="0.014164"/>
      </testsuite>
      <testsuite name="Tests\Feature\Http\Controller\PaisControllerTest" file="tests/Feature/PaisControllerTest.php" tests="6" assertions="9" errors="0" failures="0" skipped="0" time="0.076837">
        <testcase name="testPaginatePaisFilterEmpty" class="Tests\Feature\Http\Controller\PaisControllerTest" classname="Tests.Feature.Http.Controller.PaisControllerTest" file="tests/Feature/PaisControllerTest.php" line="9" assertions="1" time="0.010758"/>
        <testcase name="testPaginatePaisFilter" class="Tests\Feature\Http\Controller\PaisControllerTest" classname="Tests.Feature.Http.Controller.PaisControllerTest" file="tests/Feature/PaisControllerTest.php" line="24" assertions="1" time="0.011185"/>
        <testcase name="testShowPais" class="Tests\Feature\Http\Controller\PaisControllerTest" classname="Tests.Feature.Http.Controller.PaisControllerTest" file="tests/Feature/PaisControllerTest.php" line="46" assertions="1" time="0.010413"/>
        <testcase name="testPostPais" class="Tests\Feature\Http\Controller\PaisControllerTest" classname="Tests.Feature.Http.Controller.PaisControllerTest" file="tests/Feature/PaisControllerTest.php" line="52" assertions="2" time="0.014657"/>
        <testcase name="testPutPais" class="Tests\Feature\Http\Controller\PaisControllerTest" classname="Tests.Feature.Http.Controller.PaisControllerTest" file="tests/Feature/PaisControllerTest.php" line="69" assertions="2" time="0.014548"/>
        <testcase name="testDeletePais" class="Tests\Feature\Http\Controller\PaisControllerTest" classname="Tests.Feature.Http.Controller.PaisControllerTest" file="tests/Feature/PaisControllerTest.php" line="86" assertions="2" time="0.015276"/>
      </testsuite>
      <testsuite name="Tests\Feature\Http\Controller\PessoaControllerTest" file="tests/Feature/PessoaControllerTest.php" tests="4" assertions="4" errors="0" failures="0" skipped="0" time="0.059050">
        <testcase name="testGetPessoa" class="Tests\Feature\Http\Controller\PessoaControllerTest" classname="Tests.Feature.Http.Controller.PessoaControllerTest" file="tests/Feature/PessoaControllerTest.php" line="9" assertions="1" time="0.016700"/>
        <testcase name="testPaginatePessoaFilterEmpty" class="Tests\Feature\Http\Controller\PessoaControllerTest" classname="Tests.Feature.Http.Controller.PessoaControllerTest" file="tests/Feature/PessoaControllerTest.php" line="15" assertions="1" time="0.016422"/>
        <testcase name="testPaginatePessoaFilter" class="Tests\Feature\Http\Controller\PessoaControllerTest" classname="Tests.Feature.Http.Controller.PessoaControllerTest" file="tests/Feature/PessoaControllerTest.php" line="30" assertions="1" time="0.011549"/>
        <testcase name="testShowPessoa" class="Tests\Feature\Http\Controller\PessoaControllerTest" classname="Tests.Feature.Http.Controller.PessoaControllerTest" file="tests/Feature/PessoaControllerTest.php" line="55" assertions="1" time="0.014379"/>
      </testsuite>
      <testsuite name="Tests\Feature\Http\Controller\PontuacaoControllerTest" file="tests/Feature/PontuacaoControllerTest.php" tests="7" assertions="10" errors="0" failures="0" skipped="0" time="0.096008">
        <testcase name="testGetPontuacao" class="Tests\Feature\Http\Controller\PontuacaoControllerTest" classname="Tests.Feature.Http.Controller.PontuacaoControllerTest" file="tests/Feature/PontuacaoControllerTest.php" line="9" assertions="1" time="0.011410"/>
        <testcase name="testPaginatePontuacaoFilterEmpty" class="Tests\Feature\Http\Controller\PontuacaoControllerTest" classname="Tests.Feature.Http.Controller.PontuacaoControllerTest" file="tests/Feature/PontuacaoControllerTest.php" line="15" assertions="1" time="0.011858"/>
        <testcase name="testPaginatePontuacaoFilter" class="Tests\Feature\Http\Controller\PontuacaoControllerTest" classname="Tests.Feature.Http.Controller.PontuacaoControllerTest" file="tests/Feature/PontuacaoControllerTest.php" line="30" assertions="1" time="0.011648"/>
        <testcase name="testShowPontuacao" class="Tests\Feature\Http\Controller\PontuacaoControllerTest" classname="Tests.Feature.Http.Controller.PontuacaoControllerTest" file="tests/Feature/PontuacaoControllerTest.php" line="51" assertions="1" time="0.011109"/>
        <testcase name="testPostPontuacao" class="Tests\Feature\Http\Controller\PontuacaoControllerTest" classname="Tests.Feature.Http.Controller.PontuacaoControllerTest" file="tests/Feature/PontuacaoControllerTest.php" line="57" assertions="2" time="0.015613"/>
        <testcase name="testPutPontuacao" class="Tests\Feature\Http\Controller\PontuacaoControllerTest" classname="Tests.Feature.Http.Controller.PontuacaoControllerTest" file="tests/Feature/PontuacaoControllerTest.php" line="73" assertions="2" time="0.015993"/>
        <testcase name="testDeletePontuacao" class="Tests\Feature\Http\Controller\PontuacaoControllerTest" classname="Tests.Feature.Http.Controller.PontuacaoControllerTest" file="tests/Feature/PontuacaoControllerTest.php" line="89" assertions="2" time="0.018377"/>
      </testsuite>
    </testsuite>
    <testsuite name="Unit" tests="1" assertions="1" errors="0" failures="0" skipped="0" time="0.013788">
      <testsuite name="Tests\Unit\ExampleTest" file="tests/Unit/ExampleTest.php" tests="1" assertions="1" errors="0" failures="0" skipped="0" time="0.013788">
        <testcase name="testBasicTest" class="Tests\Unit\ExampleTest" classname="Tests.Unit.ExampleTest" file="tests/Unit/ExampleTest.php" line="14" assertions="1" time="0.013788"/>
      </testsuite>
    </testsuite>
  </testsuite>
</testsuites>
