<?xml version="1.0" encoding="UTF-8"?>
<testsuites>
  <testsuite name="" tests="75" assertions="114" errors="0" failures="0" skipped="0" time="1.014307">
    <testsuite name="Feature" tests="74" assertions="113" errors="0" failures="0" skipped="0" time="1.006332">
      <testsuite name="Tests\Feature\Http\Controller\CategoriaControllerTest" file="tests/Feature/CategoriaControllerTest.php" tests="8" assertions="12" errors="0" failures="0" skipped="0" time="0.163369">
        <testcase name="testGetCategoria" class="Tests\Feature\Http\Controller\CategoriaControllerTest" classname="Tests.Feature.Http.Controller.CategoriaControllerTest" file="tests/Feature/CategoriaControllerTest.php" line="9" assertions="1" time="0.071166"/>
        <testcase name="testPaginateCategoriaFilterEmpty" class="Tests\Feature\Http\Controller\CategoriaControllerTest" classname="Tests.Feature.Http.Controller.CategoriaControllerTest" file="tests/Feature/CategoriaControllerTest.php" line="15" assertions="1" time="0.011726"/>
        <testcase name="testPaginateCategoriaFilter" class="Tests\Feature\Http\Controller\CategoriaControllerTest" classname="Tests.Feature.Http.Controller.CategoriaControllerTest" file="tests/Feature/CategoriaControllerTest.php" line="30" assertions="1" time="0.010994"/>
        <testcase name="testShowCategoria" class="Tests\Feature\Http\Controller\CategoriaControllerTest" classname="Tests.Feature.Http.Controller.CategoriaControllerTest" file="tests/Feature/CategoriaControllerTest.php" line="51" assertions="1" time="0.010540"/>
        <testcase name="testPostCategoria" class="Tests\Feature\Http\Controller\CategoriaControllerTest" classname="Tests.Feature.Http.Controller.CategoriaControllerTest" file="tests/Feature/CategoriaControllerTest.php" line="57" assertions="2" time="0.019347"/>
        <testcase name="testPutCategoria" class="Tests\Feature\Http\Controller\CategoriaControllerTest" classname="Tests.Feature.Http.Controller.CategoriaControllerTest" file="tests/Feature/CategoriaControllerTest.php" line="73" assertions="2" time="0.015291"/>
        <testcase name="testDeleteCategoriaErrorCategoriaRelascionadaAPessoa" class="Tests\Feature\Http\Controller\CategoriaControllerTest" classname="Tests.Feature.Http.Controller.CategoriaControllerTest" file="tests/Feature/CategoriaControllerTest.php" line="89" assertions="2" time="0.010496"/>
        <testcase name="testDeleteCategoria" class="Tests\Feature\Http\Controller\CategoriaControllerTest" classname="Tests.Feature.Http.Controller.CategoriaControllerTest" file="tests/Feature/CategoriaControllerTest.php" line="100" assertions="2" time="0.013809"/>
      </testsuite>
      <testsuite name="Tests\Feature\Http\Controller\CidadeControllerTest" file="tests/Feature/CidadeControllerTest.php" tests="8" assertions="12" errors="0" failures="0" skipped="0" time="0.099554">
        <testcase name="testGetCidade" class="Tests\Feature\Http\Controller\CidadeControllerTest" classname="Tests.Feature.Http.Controller.CidadeControllerTest" file="tests/Feature/CidadeControllerTest.php" line="9" assertions="1" time="0.012200"/>
        <testcase name="testPaginateCidadeFilterEmpty" class="Tests\Feature\Http\Controller\CidadeControllerTest" classname="Tests.Feature.Http.Controller.CidadeControllerTest" file="tests/Feature/CidadeControllerTest.php" line="15" assertions="1" time="0.011785"/>
        <testcase name="testPaginateCidadeFilter" class="Tests\Feature\Http\Controller\CidadeControllerTest" classname="Tests.Feature.Http.Controller.CidadeControllerTest" file="tests/Feature/CidadeControllerTest.php" line="30" assertions="1" time="0.011618"/>
        <testcase name="testShowCidade" class="Tests\Feature\Http\Controller\CidadeControllerTest" classname="Tests.Feature.Http.Controller.CidadeControllerTest" file="tests/Feature/CidadeControllerTest.php" line="57" assertions="1" time="0.010864"/>
        <testcase name="testPostCidade" class="Tests\Feature\Http\Controller\CidadeControllerTest" classname="Tests.Feature.Http.Controller.CidadeControllerTest" file="tests/Feature/CidadeControllerTest.php" line="63" assertions="2" time="0.014314"/>
        <testcase name="testPutCidade" class="Tests\Feature\Http\Controller\CidadeControllerTest" classname="Tests.Feature.Http.Controller.CidadeControllerTest" file="tests/Feature/CidadeControllerTest.php" line="79" assertions="2" time="0.014490"/>
        <testcase name="testDeleteCidadeErrorRelascionadaAEndereco" class="Tests\Feature\Http\Controller\CidadeControllerTest" classname="Tests.Feature.Http.Controller.CidadeControllerTest" file="tests/Feature/CidadeControllerTest.php" line="95" assertions="2" time="0.009884"/>
        <testcase name="testDeleteCidade" class="Tests\Feature\Http\Controller\CidadeControllerTest" classname="Tests.Feature.Http.Controller.CidadeControllerTest" file="tests/Feature/CidadeControllerTest.php" line="106" assertions="2" time="0.014399"/>
      </testsuite>
      <testsuite name="Tests\Feature\Http\Controller\ContatoControllerTest" file="tests/Feature/ContatoControllerTest.php" tests="21" assertions="38" errors="0" failures="0" skipped="0" time="0.258191">
        <testcase name="testGetContato" class="Tests\Feature\Http\Controller\ContatoControllerTest" classname="Tests.Feature.Http.Controller.ContatoControllerTest" file="tests/Feature/ContatoControllerTest.php" line="9" assertions="1" time="0.012081"/>
        <testcase name="testPaginateContatoFilterEmpty" class="Tests\Feature\Http\Controller\ContatoControllerTest" classname="Tests.Feature.Http.Controller.ContatoControllerTest" file="tests/Feature/ContatoControllerTest.php" line="15" assertions="1" time="0.012057"/>
        <testcase name="testPaginateContatoFilter" class="Tests\Feature\Http\Controller\ContatoControllerTest" classname="Tests.Feature.Http.Controller.ContatoControllerTest" file="tests/Feature/ContatoControllerTest.php" line="30" assertions="1" time="0.011316"/>
        <testcase name="testShowContato" class="Tests\Feature\Http\Controller\ContatoControllerTest" classname="Tests.Feature.Http.Controller.ContatoControllerTest" file="tests/Feature/ContatoControllerTest.php" line="61" assertions="1" time="0.011169"/>
        <testcase name="testPostContatoErrorDDDObrigatorio" class="Tests\Feature\Http\Controller\ContatoControllerTest" classname="Tests.Feature.Http.Controller.ContatoControllerTest" file="tests/Feature/ContatoControllerTest.php" line="67" assertions="2" time="0.009863"/>
        <testcase name="testPostContatoErrorDDD3Digitos" class="Tests\Feature\Http\Controller\ContatoControllerTest" classname="Tests.Feature.Http.Controller.ContatoControllerTest" file="tests/Feature/ContatoControllerTest.php" line="84" assertions="2" time="0.009779"/>
        <testcase name="testPostContatoErrorNumeroTelefoneObrigatorio" class="Tests\Feature\Http\Controller\ContatoControllerTest" classname="Tests.Feature.Http.Controller.ContatoControllerTest" file="tests/Feature/ContatoControllerTest.php" line="102" assertions="2" time="0.010227"/>
        <testcase name="testPostContatoTipoTelefoneResidencial" class="Tests\Feature\Http\Controller\ContatoControllerTest" classname="Tests.Feature.Http.Controller.ContatoControllerTest" file="tests/Feature/ContatoControllerTest.php" line="120" assertions="2" time="0.019521"/>
        <testcase name="testPostContatoTipoTelefoneComercial" class="Tests\Feature\Http\Controller\ContatoControllerTest" classname="Tests.Feature.Http.Controller.ContatoControllerTest" file="tests/Feature/ContatoControllerTest.php" line="138" assertions="2" time="0.019095"/>
        <testcase name="testPostErrorContatoTipoTelefoneCelularNumeroInvalido" class="Tests\Feature\Http\Controller\ContatoControllerTest" classname="Tests.Feature.Http.Controller.ContatoControllerTest" file="tests/Feature/ContatoControllerTest.php" line="156" assertions="2" time="0.010076"/>
        <testcase name="testPostErrorContatoTipoTelefoneResidencialNumeroInvalido" class="Tests\Feature\Http\Controller\ContatoControllerTest" classname="Tests.Feature.Http.Controller.ContatoControllerTest" file="tests/Feature/ContatoControllerTest.php" line="175" assertions="2" time="0.010116"/>
        <testcase name="testPostErrorContatoTipoTelefoneResidencialEmailInvalidoParaTipoSelecionado" class="Tests\Feature\Http\Controller\ContatoControllerTest" classname="Tests.Feature.Http.Controller.ContatoControllerTest" file="tests/Feature/ContatoControllerTest.php" line="194" assertions="2" time="0.010269"/>
        <testcase name="testPostContatoTipoTelefoneCelular" class="Tests\Feature\Http\Controller\ContatoControllerTest" classname="Tests.Feature.Http.Controller.ContatoControllerTest" file="tests/Feature/ContatoControllerTest.php" line="214" assertions="2" time="0.014011"/>
        <testcase name="testPostErrorContatoTipoEmailObrigatorio" class="Tests\Feature\Http\Controller\ContatoControllerTest" classname="Tests.Feature.Http.Controller.ContatoControllerTest" file="tests/Feature/ContatoControllerTest.php" line="232" assertions="2" time="0.010301"/>
        <testcase name="testPostContatoTipoInvalid" class="Tests\Feature\Http\Controller\ContatoControllerTest" classname="Tests.Feature.Http.Controller.ContatoControllerTest" file="tests/Feature/ContatoControllerTest.php" line="251" assertions="2" time="0.009805"/>
        <testcase name="testPostContatoTipoEmailDDDInvalidoParaTipoSelecionado" class="Tests\Feature\Http\Controller\ContatoControllerTest" classname="Tests.Feature.Http.Controller.ContatoControllerTest" file="tests/Feature/ContatoControllerTest.php" line="269" assertions="2" time="0.009894"/>
        <testcase name="testPostContatoTipoEmailNumeroTelefoneInvalidoParaTipoSelecionado" class="Tests\Feature\Http\Controller\ContatoControllerTest" classname="Tests.Feature.Http.Controller.ContatoControllerTest" file="tests/Feature/ContatoControllerTest.php" line="288" assertions="2" time="0.010176"/>
        <testcase name="testPostContatoTipoEmail" class="Tests\Feature\Http\Controller\ContatoControllerTest" classname="Tests.Feature.Http.Controller.ContatoControllerTest" file="tests/Feature/ContatoControllerTest.php" line="307" assertions="2" time="0.014247"/>
        <testcase name="testPutContato" class="Tests\Feature\Http\Controller\ContatoControllerTest" classname="Tests.Feature.Http.Controller.ContatoControllerTest" file="tests/Feature/ContatoControllerTest.php" line="324" assertions="2" time="0.015143"/>
        <testcase name="testPutContatoEmailParaCelular" class="Tests\Feature\Http\Controller\ContatoControllerTest" classname="Tests.Feature.Http.Controller.ContatoControllerTest" file="tests/Feature/ContatoControllerTest.php" line="341" assertions="2" time="0.015068"/>
        <testcase name="testDeleteContato" class="Tests\Feature\Http\Controller\ContatoControllerTest" classname="Tests.Feature.Http.Controller.ContatoControllerTest" file="tests/Feature/ContatoControllerTest.php" line="359" assertions="2" time="0.013977"/>
      </testsuite>
      <testsuite name="Tests\Feature\Http\Controller\EnderecoControllerTest" file="tests/Feature/EnderecoControllerTest.php" tests="7" assertions="10" errors="0" failures="0" skipped="0" time="0.098169">
        <testcase name="testGetEndereco" class="Tests\Feature\Http\Controller\EnderecoControllerTest" classname="Tests.Feature.Http.Controller.EnderecoControllerTest" file="tests/Feature/EnderecoControllerTest.php" line="9" assertions="1" time="0.013666"/>
        <testcase name="testPaginateEnderecoFilterEmpty" class="Tests\Feature\Http\Controller\EnderecoControllerTest" classname="Tests.Feature.Http.Controller.EnderecoControllerTest" file="tests/Feature/EnderecoControllerTest.php" line="15" assertions="1" time="0.014105"/>
        <testcase name="testPaginateEnderecoFilter" class="Tests\Feature\Http\Controller\EnderecoControllerTest" classname="Tests.Feature.Http.Controller.EnderecoControllerTest" file="tests/Feature/EnderecoControllerTest.php" line="31" assertions="1" time="0.012550"/>
        <testcase name="testShowEndereco" class="Tests\Feature\Http\Controller\EnderecoControllerTest" classname="Tests.Feature.Http.Controller.EnderecoControllerTest" file="tests/Feature/EnderecoControllerTest.php" line="72" assertions="1" time="0.012798"/>
        <testcase name="testPostEndereco" class="Tests\Feature\Http\Controller\EnderecoControllerTest" classname="Tests.Feature.Http.Controller.EnderecoControllerTest" file="tests/Feature/EnderecoControllerTest.php" line="78" assertions="2" time="0.014703"/>
        <testcase name="testPutEndereco" class="Tests\Feature\Http\Controller\EnderecoControllerTest" classname="Tests.Feature.Http.Controller.EnderecoControllerTest" file="tests/Feature/EnderecoControllerTest.php" line="98" assertions="2" time="0.015355"/>
        <testcase name="testDeleteEndereco" class="Tests\Feature\Http\Controller\EnderecoControllerTest" classname="Tests.Feature.Http.Controller.EnderecoControllerTest" file="tests/Feature/EnderecoControllerTest.php" line="118" assertions="2" time="0.014992"/>
      </testsuite>
      <testsuite name="Tests\Feature\Http\Controller\EstadoCivilControllerTest" file="tests/Feature/EstadoCivilControllerTest.php" tests="4" assertions="4" errors="0" failures="0" skipped="0" time="0.042662">
        <testcase name="testGetEstadoCivil" class="Tests\Feature\Http\Controller\EstadoCivilControllerTest" classname="Tests.Feature.Http.Controller.EstadoCivilControllerTest" file="tests/Feature/EstadoCivilControllerTest.php" line="9" assertions="1" time="0.010669"/>
        <testcase name="testPaginateEstadoCivilFilterEmpty" class="Tests\Feature\Http\Controller\EstadoCivilControllerTest" classname="Tests.Feature.Http.Controller.EstadoCivilControllerTest" file="tests/Feature/EstadoCivilControllerTest.php" line="15" assertions="1" time="0.010975"/>
        <testcase name="testPaginateEstadoCivilFilter" class="Tests\Feature\Http\Controller\EstadoCivilControllerTest" classname="Tests.Feature.Http.Controller.EstadoCivilControllerTest" file="tests/Feature/EstadoCivilControllerTest.php" line="30" assertions="1" time="0.010551"/>
        <testcase name="testShowEstadoCivil" class="Tests\Feature\Http\Controller\EstadoCivilControllerTest" classname="Tests.Feature.Http.Controller.EstadoCivilControllerTest" file="tests/Feature/EstadoCivilControllerTest.php" line="50" assertions="1" time="0.010467"/>
      </testsuite>
      <testsuite name="Tests\Feature\Http\Controller\EstadoControllerTest" file="tests/Feature/EstadoControllerTest.php" tests="7" assertions="10" errors="0" failures="0" skipped="0" time="0.093022">
        <testcase name="testGetEstado" class="Tests\Feature\Http\Controller\EstadoControllerTest" classname="Tests.Feature.Http.Controller.EstadoControllerTest" file="tests/Feature/EstadoControllerTest.php" line="9" assertions="1" time="0.014636"/>
        <testcase name="testPaginateEstadoFilterEmpty" class="Tests\Feature\Http\Controller\EstadoControllerTest" classname="Tests.Feature.Http.Controller.EstadoControllerTest" file="tests/Feature/EstadoControllerTest.php" line="15" assertions="1" time="0.011052"/>
        <testcase name="testPaginateEstadoFilter" class="Tests\Feature\Http\Controller\EstadoControllerTest" classname="Tests.Feature.Http.Controller.EstadoControllerTest" file="tests/Feature/EstadoControllerTest.php" line="30" assertions="1" time="0.010616"/>
        <testcase name="testShowEstado" class="Tests\Feature\Http\Controller\EstadoControllerTest" classname="Tests.Feature.Http.Controller.EstadoControllerTest" file="tests/Feature/EstadoControllerTest.php" line="55" assertions="1" time="0.010799"/>
        <testcase name="testPostEstado" class="Tests\Feature\Http\Controller\EstadoControllerTest" classname="Tests.Feature.Http.Controller.EstadoControllerTest" file="tests/Feature/EstadoControllerTest.php" line="61" assertions="2" time="0.015461"/>
        <testcase name="testPutEstado" class="Tests\Feature\Http\Controller\EstadoControllerTest" classname="Tests.Feature.Http.Controller.EstadoControllerTest" file="tests/Feature/EstadoControllerTest.php" line="78" assertions="2" time="0.015518"/>
        <testcase name="testDeleteEstado" class="Tests\Feature\Http\Controller\EstadoControllerTest" classname="Tests.Feature.Http.Controller.EstadoControllerTest" file="tests/Feature/EstadoControllerTest.php" line="95" assertions="2" time="0.014940"/>
      </testsuite>
      <testsuite name="Tests\Feature\Http\Controller\PaisControllerTest" file="tests/Feature/PaisControllerTest.php" tests="6" assertions="9" errors="0" failures="0" skipped="0" time="0.076010">
        <testcase name="testPaginatePaisFilterEmpty" class="Tests\Feature\Http\Controller\PaisControllerTest" classname="Tests.Feature.Http.Controller.PaisControllerTest" file="tests/Feature/PaisControllerTest.php" line="9" assertions="1" time="0.010134"/>
        <testcase name="testPaginatePaisFilter" class="Tests\Feature\Http\Controller\PaisControllerTest" classname="Tests.Feature.Http.Controller.PaisControllerTest" file="tests/Feature/PaisControllerTest.php" line="24" assertions="1" time="0.010431"/>
        <testcase name="testShowPais" class="Tests\Feature\Http\Controller\PaisControllerTest" classname="Tests.Feature.Http.Controller.PaisControllerTest" file="tests/Feature/PaisControllerTest.php" line="46" assertions="1" time="0.010026"/>
        <testcase name="testPostPais" class="Tests\Feature\Http\Controller\PaisControllerTest" classname="Tests.Feature.Http.Controller.PaisControllerTest" file="tests/Feature/PaisControllerTest.php" line="52" assertions="2" time="0.014300"/>
        <testcase name="testPutPais" class="Tests\Feature\Http\Controller\PaisControllerTest" classname="Tests.Feature.Http.Controller.PaisControllerTest" file="tests/Feature/PaisControllerTest.php" line="69" assertions="2" time="0.014525"/>
        <testcase name="testDeletePais" class="Tests\Feature\Http\Controller\PaisControllerTest" classname="Tests.Feature.Http.Controller.PaisControllerTest" file="tests/Feature/PaisControllerTest.php" line="86" assertions="2" time="0.016594"/>
      </testsuite>
      <testsuite name="Tests\Feature\Http\Controller\PessoaControllerTest" file="tests/Feature/PessoaControllerTest.php" tests="6" assertions="8" errors="0" failures="0" skipped="0" time="0.087330">
        <testcase name="testGetPessoa" class="Tests\Feature\Http\Controller\PessoaControllerTest" classname="Tests.Feature.Http.Controller.PessoaControllerTest" file="tests/Feature/PessoaControllerTest.php" line="9" assertions="1" time="0.016062"/>
        <testcase name="testPaginatePessoaFilterEmpty" class="Tests\Feature\Http\Controller\PessoaControllerTest" classname="Tests.Feature.Http.Controller.PessoaControllerTest" file="tests/Feature/PessoaControllerTest.php" line="15" assertions="1" time="0.016207"/>
        <testcase name="testPaginatePessoaFilter" class="Tests\Feature\Http\Controller\PessoaControllerTest" classname="Tests.Feature.Http.Controller.PessoaControllerTest" file="tests/Feature/PessoaControllerTest.php" line="30" assertions="1" time="0.011137"/>
        <testcase name="testShowPessoa" class="Tests\Feature\Http\Controller\PessoaControllerTest" classname="Tests.Feature.Http.Controller.PessoaControllerTest" file="tests/Feature/PessoaControllerTest.php" line="55" assertions="1" time="0.013899"/>
        <testcase name="testPostPessoa" class="Tests\Feature\Http\Controller\PessoaControllerTest" classname="Tests.Feature.Http.Controller.PessoaControllerTest" file="tests/Feature/PessoaControllerTest.php" line="61" assertions="2" time="0.015069"/>
        <testcase name="testPutPessoa" class="Tests\Feature\Http\Controller\PessoaControllerTest" classname="Tests.Feature.Http.Controller.PessoaControllerTest" file="tests/Feature/PessoaControllerTest.php" line="82" assertions="2" time="0.014956"/>
      </testsuite>
      <testsuite name="Tests\Feature\Http\Controller\PontuacaoControllerTest" file="tests/Feature/PontuacaoControllerTest.php" tests="7" assertions="10" errors="0" failures="0" skipped="0" time="0.088025">
        <testcase name="testGetPontuacao" class="Tests\Feature\Http\Controller\PontuacaoControllerTest" classname="Tests.Feature.Http.Controller.PontuacaoControllerTest" file="tests/Feature/PontuacaoControllerTest.php" line="9" assertions="1" time="0.011240"/>
        <testcase name="testPaginatePontuacaoFilterEmpty" class="Tests\Feature\Http\Controller\PontuacaoControllerTest" classname="Tests.Feature.Http.Controller.PontuacaoControllerTest" file="tests/Feature/PontuacaoControllerTest.php" line="15" assertions="1" time="0.011545"/>
        <testcase name="testPaginatePontuacaoFilter" class="Tests\Feature\Http\Controller\PontuacaoControllerTest" classname="Tests.Feature.Http.Controller.PontuacaoControllerTest" file="tests/Feature/PontuacaoControllerTest.php" line="30" assertions="1" time="0.010694"/>
        <testcase name="testShowPontuacao" class="Tests\Feature\Http\Controller\PontuacaoControllerTest" classname="Tests.Feature.Http.Controller.PontuacaoControllerTest" file="tests/Feature/PontuacaoControllerTest.php" line="51" assertions="1" time="0.010445"/>
        <testcase name="testPostPontuacao" class="Tests\Feature\Http\Controller\PontuacaoControllerTest" classname="Tests.Feature.Http.Controller.PontuacaoControllerTest" file="tests/Feature/PontuacaoControllerTest.php" line="57" assertions="2" time="0.015367"/>
        <testcase name="testPutPontuacao" class="Tests\Feature\Http\Controller\PontuacaoControllerTest" classname="Tests.Feature.Http.Controller.PontuacaoControllerTest" file="tests/Feature/PontuacaoControllerTest.php" line="73" assertions="2" time="0.014373"/>
        <testcase name="testDeletePontuacao" class="Tests\Feature\Http\Controller\PontuacaoControllerTest" classname="Tests.Feature.Http.Controller.PontuacaoControllerTest" file="tests/Feature/PontuacaoControllerTest.php" line="89" assertions="2" time="0.014361"/>
      </testsuite>
    </testsuite>
    <testsuite name="Unit" tests="1" assertions="1" errors="0" failures="0" skipped="0" time="0.007975">
      <testsuite name="Tests\Unit\ExampleTest" file="tests/Unit/ExampleTest.php" tests="1" assertions="1" errors="0" failures="0" skipped="0" time="0.007975">
        <testcase name="testBasicTest" class="Tests\Unit\ExampleTest" classname="Tests.Unit.ExampleTest" file="tests/Unit/ExampleTest.php" line="14" assertions="1" time="0.007975"/>
      </testsuite>
    </testsuite>
  </testsuite>
</testsuites>
